<?xml version="1.0" encoding="UTF-8"?>
<!-- Generated by org.testng.reporters.JUnitReportReporter -->
<testsuite hostname="DESKTOP-Q6SHR00" failures="0" tests="2" name="testNGbasics.UsingAnnotationsAndKeywords" time="10.412" errors="0" timestamp="2023-03-29T00:38:41 EDT" skipped="0">
  <testcase classname="testNGbasics.UsingAnnotationsAndKeywords" name="positiveMenuLinkFunctionalityTest" time="4.459"/>
  <system-out/>
  <testcase classname="testNGbasics.UsingAnnotationsAndKeywords" name="positiveSearchFunctionalityTest" time="5.953"/>
  <system-out/>
</testsuite> <!-- testNGbasics.UsingAnnotationsAndKeywords -->
