<?xml version="1.0" encoding="UTF-8"?>
<!-- Generated by org.testng.reporters.JUnitReportReporter -->
<testsuite hostname="DESKTOP-Q6SHR00" failures="0" tests="1" name="testNGbasics.TestNGbasicCode" time="2.037" errors="0" timestamp="2023-03-22T15:29:22 EDT" skipped="0">
  <testcase classname="testNGbasics.TestNGbasicCode" name="handlingWindows" time="2.037"/>
  <system-out/>
</testsuite> <!-- testNGbasics.TestNGbasicCode -->
