<?xml version="1.0" encoding="UTF-8"?>
<!-- Generated by org.testng.reporters.JUnitReportReporter -->
<testsuite hostname="DESKTOP-Q6SHR00" failures="0" tests="3" name="testNGbasics.DataDrivenFromDifferentClass" time="8.504" errors="0" timestamp="2023-03-23T13:26:56 EDT" skipped="1">
  <testcase classname="testNGbasics.DataDrivenFromDifferentClass" name="negativeSignInFunchtionalityTestClickingButton" time="5.224"/>
  <system-out/>
  <testcase classname="testNGbasics.DataDrivenFromDifferentClass" name="negativeSignInFunchtionalityTestClickingButton" time="3.280"/>
  <system-out/>
  <testcase classname="testNGbasics.DataDrivenFromDifferentClass" name="negativeSignInFunchtionalityTestHittingEnterKey">
    <skipped/>
  </testcase> <!-- negativeSignInFunchtionalityTestHittingEnterKey -->
  <system-out/>
</testsuite> <!-- testNGbasics.DataDrivenFromDifferentClass -->
